app/build/intermediates/manifest_merge_blame_file/debug/processDebugMainManifest/manifest-merger-blame-debug-report.txt
1<?xml version="1.0" encoding="utf-8"?>
2<manifest xmlns:android="http://schemas.android.com/apk/res/android"
3    package="com.saarthi.ai"
4    android:versionCode="1"
5    android:versionName="1.0.0" >
6
7    <uses-sdk
8        android:minSdkVersion="28"
9        android:targetSdkVersion="35" />
10
11    <!-- Permission to display glowing highlight boxes and floating companion over other apps -->
12    <uses-permission android:name="android.permission.SYSTEM_ALERT_WINDOW" />
12-->src\main\AndroidManifest.xml:5:5-78
12-->src\main\AndroidManifest.xml:5:22-75
13
14    <!-- Voice input permission for regional language requests -->
15    <uses-permission android:name="android.permission.RECORD_AUDIO" />
15-->src\main\AndroidManifest.xml:8:5-71
15-->src\main\AndroidManifest.xml:8:22-68
16
17    <!-- Internet access strictly for Bhashini voice transcription (NO screen telemetry) -->
18    <uses-permission android:name="android.permission.INTERNET" />
18-->src\main\AndroidManifest.xml:11:5-67
18-->src\main\AndroidManifest.xml:11:22-64
19
20    <!-- Foreground service support for persistent companion overlay and microphone -->
21    <uses-permission android:name="android.permission.FOREGROUND_SERVICE" />
21-->src\main\AndroidManifest.xml:14:5-77
21-->src\main\AndroidManifest.xml:14:22-74
22    <uses-permission android:name="android.permission.FOREGROUND_SERVICE_SPECIAL_USE" />
22-->src\main\AndroidManifest.xml:15:5-89
22-->src\main\AndroidManifest.xml:15:22-86
23    <uses-permission android:name="android.permission.FOREGROUND_SERVICE_MICROPHONE" />
23-->src\main\AndroidManifest.xml:16:5-88
23-->src\main\AndroidManifest.xml:16:22-85
24
25    <!-- Query speech recognition services on Android 11+ -->
26    <queries>
26-->src\main\AndroidManifest.xml:19:5-23:15
27        <intent>
27-->src\main\AndroidManifest.xml:20:9-22:18
28            <action android:name="android.speech.RecognitionService" />
28-->src\main\AndroidManifest.xml:21:13-72
28-->src\main\AndroidManifest.xml:21:21-69
29        </intent>
30    </queries>
31
32    <permission
32-->[androidx.core:core:1.15.0] AndroidManifest.xml:22:5-24:47
33        android:name="com.saarthi.ai.DYNAMIC_RECEIVER_NOT_EXPORTED_PERMISSION"
33-->[androidx.core:core:1.15.0] AndroidManifest.xml:23:9-81
34        android:protectionLevel="signature" />
34-->[androidx.core:core:1.15.0] AndroidManifest.xml:24:9-44
35
36    <uses-permission android:name="com.saarthi.ai.DYNAMIC_RECEIVER_NOT_EXPORTED_PERMISSION" />
36-->[androidx.core:core:1.15.0] AndroidManifest.xml:26:5-97
36-->[androidx.core:core:1.15.0] AndroidManifest.xml:26:22-94
37
38    <application
38-->src\main\AndroidManifest.xml:25:5-72:19
39        android:name="com.saarthi.ai.SaarthiApplication"
39-->src\main\AndroidManifest.xml:26:9-43
40        android:allowBackup="false"
40-->src\main\AndroidManifest.xml:27:9-36
41        android:appComponentFactory="androidx.core.app.CoreComponentFactory"
41-->[androidx.core:core:1.15.0] AndroidManifest.xml:28:18-86
42        android:dataExtractionRules="@null"
42-->src\main\AndroidManifest.xml:28:9-44
43        android:debuggable="true"
44        android:extractNativeLibs="false"
45        android:fullBackupContent="false"
45-->src\main\AndroidManifest.xml:29:9-42
46        android:icon="@android:drawable/ic_dialog_info"
46-->src\main\AndroidManifest.xml:30:9-56
47        android:label="@string/app_name"
47-->src\main\AndroidManifest.xml:31:9-41
48        android:roundIcon="@android:drawable/ic_dialog_info"
48-->src\main\AndroidManifest.xml:32:9-61
49        android:supportsRtl="true"
49-->src\main\AndroidManifest.xml:33:9-35
50        android:theme="@android:style/Theme.Material.Light.NoActionBar" >
50-->src\main\AndroidManifest.xml:34:9-72
51        <activity
51-->src\main\AndroidManifest.xml:36:9-45:20
52            android:name="com.saarthi.ai.MainActivity"
52-->src\main\AndroidManifest.xml:37:13-41
53            android:exported="true"
53-->src\main\AndroidManifest.xml:38:13-36
54            android:theme="@android:style/Theme.Material.Light.NoActionBar"
54-->src\main\AndroidManifest.xml:39:13-76
55            android:windowSoftInputMode="adjustResize" >
55-->src\main\AndroidManifest.xml:40:13-55
56            <intent-filter>
56-->src\main\AndroidManifest.xml:41:13-44:29
57                <action android:name="android.intent.action.MAIN" />
57-->src\main\AndroidManifest.xml:42:17-69
57-->src\main\AndroidManifest.xml:42:25-66
58
59                <category android:name="android.intent.category.LAUNCHER" />
59-->src\main\AndroidManifest.xml:43:17-77
59-->src\main\AndroidManifest.xml:43:27-74
60            </intent-filter>
61        </activity>
62
63        <!-- The core Screen-Aware Accessibility Service (bypasses FLAG_SECURE) -->
64        <service
64-->src\main\AndroidManifest.xml:48:9-59:19
65            android:name="com.saarthi.ai.service.SaarthiAccessibilityService"
65-->src\main\AndroidManifest.xml:49:13-64
66            android:exported="true"
66-->src\main\AndroidManifest.xml:50:13-36
67            android:label="@string/accessibility_service_label"
67-->src\main\AndroidManifest.xml:51:13-64
68            android:permission="android.permission.BIND_ACCESSIBILITY_SERVICE" >
68-->src\main\AndroidManifest.xml:52:13-79
69            <intent-filter>
69-->src\main\AndroidManifest.xml:53:13-55:29
70                <action android:name="android.accessibilityservice.AccessibilityService" />
70-->src\main\AndroidManifest.xml:54:17-92
70-->src\main\AndroidManifest.xml:54:25-89
71            </intent-filter>
72
73            <meta-data
73-->src\main\AndroidManifest.xml:56:13-58:72
74                android:name="android.accessibilityservice"
74-->src\main\AndroidManifest.xml:57:17-60
75                android:resource="@xml/accessibility_service_config" />
75-->src\main\AndroidManifest.xml:58:17-69
76        </service>
77
78        <!-- Foreground Service for the Floating Companion Widget -->
79        <service
79-->src\main\AndroidManifest.xml:62:9-70:19
80            android:name="com.saarthi.ai.service.FloatingOverlayService"
80-->src\main\AndroidManifest.xml:63:13-59
81            android:enabled="true"
81-->src\main\AndroidManifest.xml:64:13-35
82            android:exported="false"
82-->src\main\AndroidManifest.xml:65:13-37
83            android:foregroundServiceType="specialUse|microphone" >
83-->src\main\AndroidManifest.xml:66:13-66
84            <property
84-->src\main\AndroidManifest.xml:67:13-69:81
85                android:name="android.app.PROPERTY_SPECIAL_USE_FGS_SUBTYPE"
85-->src\main\AndroidManifest.xml:68:17-76
86                android:value="Elderly accessibility visual guidance overlay" />
86-->src\main\AndroidManifest.xml:69:17-78
87        </service>
88
89        <provider
89-->[androidx.emoji2:emoji2:1.3.0] AndroidManifest.xml:24:9-32:20
90            android:name="androidx.startup.InitializationProvider"
90-->[androidx.emoji2:emoji2:1.3.0] AndroidManifest.xml:25:13-67
91            android:authorities="com.saarthi.ai.androidx-startup"
91-->[androidx.emoji2:emoji2:1.3.0] AndroidManifest.xml:26:13-68
92            android:exported="false" >
92-->[androidx.emoji2:emoji2:1.3.0] AndroidManifest.xml:27:13-37
93            <meta-data
93-->[androidx.emoji2:emoji2:1.3.0] AndroidManifest.xml:29:13-31:52
94                android:name="androidx.emoji2.text.EmojiCompatInitializer"
94-->[androidx.emoji2:emoji2:1.3.0] AndroidManifest.xml:30:17-75
95                android:value="androidx.startup" />
95-->[androidx.emoji2:emoji2:1.3.0] AndroidManifest.xml:31:17-49
96            <meta-data
96-->[androidx.lifecycle:lifecycle-process:2.8.7] AndroidManifest.xml:29:13-31:52
97                android:name="androidx.lifecycle.ProcessLifecycleInitializer"
97-->[androidx.lifecycle:lifecycle-process:2.8.7] AndroidManifest.xml:30:17-78
98                android:value="androidx.startup" />
98-->[androidx.lifecycle:lifecycle-process:2.8.7] AndroidManifest.xml:31:17-49
99            <meta-data
99-->[androidx.profileinstaller:profileinstaller:1.3.1] AndroidManifest.xml:29:13-31:52
100                android:name="androidx.profileinstaller.ProfileInstallerInitializer"
100-->[androidx.profileinstaller:profileinstaller:1.3.1] AndroidManifest.xml:30:17-85
101                android:value="androidx.startup" />
101-->[androidx.profileinstaller:profileinstaller:1.3.1] AndroidManifest.xml:31:17-49
102        </provider>
103
104        <activity
104-->[androidx.compose.ui:ui-tooling-android:1.7.5] AndroidManifest.xml:23:9-25:39
105            android:name="androidx.compose.ui.tooling.PreviewActivity"
105-->[androidx.compose.ui:ui-tooling-android:1.7.5] AndroidManifest.xml:24:13-71
106            android:exported="true" />
106-->[androidx.compose.ui:ui-tooling-android:1.7.5] AndroidManifest.xml:25:13-36
107
108        <receiver
108-->[androidx.profileinstaller:profileinstaller:1.3.1] AndroidManifest.xml:34:9-52:20
109            android:name="androidx.profileinstaller.ProfileInstallReceiver"
109-->[androidx.profileinstaller:profileinstaller:1.3.1] AndroidManifest.xml:35:13-76
110            android:directBootAware="false"
110-->[androidx.profileinstaller:profileinstaller:1.3.1] AndroidManifest.xml:36:13-44
111            android:enabled="true"
111-->[androidx.profileinstaller:profileinstaller:1.3.1] AndroidManifest.xml:37:13-35
112            android:exported="true"
112-->[androidx.profileinstaller:profileinstaller:1.3.1] AndroidManifest.xml:38:13-36
113            android:permission="android.permission.DUMP" >
113-->[androidx.profileinstaller:profileinstaller:1.3.1] AndroidManifest.xml:39:13-57
114            <intent-filter>
114-->[androidx.profileinstaller:profileinstaller:1.3.1] AndroidManifest.xml:40:13-42:29
115                <action android:name="androidx.profileinstaller.action.INSTALL_PROFILE" />
115-->[androidx.profileinstaller:profileinstaller:1.3.1] AndroidManifest.xml:41:17-91
115-->[androidx.profileinstaller:profileinstaller:1.3.1] AndroidManifest.xml:41:25-88
116            </intent-filter>
117            <intent-filter>
117-->[androidx.profileinstaller:profileinstaller:1.3.1] AndroidManifest.xml:43:13-45:29
118                <action android:name="androidx.profileinstaller.action.SKIP_FILE" />
118-->[androidx.profileinstaller:profileinstaller:1.3.1] AndroidManifest.xml:44:17-85
118-->[androidx.profileinstaller:profileinstaller:1.3.1] AndroidManifest.xml:44:25-82
119            </intent-filter>
120            <intent-filter>
120-->[androidx.profileinstaller:profileinstaller:1.3.1] AndroidManifest.xml:46:13-48:29
121                <action android:name="androidx.profileinstaller.action.SAVE_PROFILE" />
121-->[androidx.profileinstaller:profileinstaller:1.3.1] AndroidManifest.xml:47:17-88
121-->[androidx.profileinstaller:profileinstaller:1.3.1] AndroidManifest.xml:47:25-85
122            </intent-filter>
123            <intent-filter>
123-->[androidx.profileinstaller:profileinstaller:1.3.1] AndroidManifest.xml:49:13-51:29
124                <action android:name="androidx.profileinstaller.action.BENCHMARK_OPERATION" />
124-->[androidx.profileinstaller:profileinstaller:1.3.1] AndroidManifest.xml:50:17-95
124-->[androidx.profileinstaller:profileinstaller:1.3.1] AndroidManifest.xml:50:25-92
125            </intent-filter>
126        </receiver>
127    </application>
128
129</manifest>